<?xml version="1.0" encoding="UTF-8"?>
<!-- Generated by org.testng.reporters.JUnitXMLReporter -->
<testsuite ignored="0" hostname="LTIN447372" failures="1" tests="1" name="Test" time="96.79" errors="0" timestamp="2024-12-22T13:02:35 IST">
  <testcase classname="wvTest.cancelCSpledgeTest" name="cancelCS_pledge" time="65.177">
    <failure type="org.openqa.selenium.TimeoutException" message="Expected condition failed: waiting for visibility of element located by By.xpath: //iframe[@id=&amp;apos;AppLandingPage&amp;apos;] (tried for 50 second(s) with 5000 milliseconds interval)
Build info: version: &amp;apos;4.18.1&amp;apos;, revision: &amp;apos;b1d3319b48&amp;apos;
System info: os.name: &amp;apos;Windows 11&amp;apos;, os.arch: &amp;apos;amd64&amp;apos;, os.version: &amp;apos;10.0&amp;apos;, java.version: &amp;apos;17.0.6&amp;apos;
Driver info: driver.version: unknown">
      <![CDATA[org.openqa.selenium.TimeoutException: Expected condition failed: waiting for visibility of element located by By.xpath: //iframe[@id='AppLandingPage'] (tried for 50 second(s) with 5000 milliseconds interval)
Build info: version: '4.18.1', revision: 'b1d3319b48'
System info: os.name: 'Windows 11', os.arch: 'amd64', os.version: '10.0', java.version: '17.0.6'
Driver info: driver.version: unknown
at org.openqa.selenium.support.ui.FluentWait.timeoutException(FluentWait.java:265)
at org.openqa.selenium.support.ui.FluentWait.until(FluentWait.java:228)
at WVtestCase.cancelCSpledge.selectFundraisingAndEngagement(cancelCSpledge.java:50)
at wvTest.cancelCSpledgeTest.cancelCS_pledge(cancelCSpledgeTest.java:29)
at java.base/java.util.ArrayList.forEach(ArrayList.java:1511)
... Removed 27 stack frames]]>
    </failure>
  </testcase> <!-- cancelCS_pledge -->
</testsuite> <!-- Test -->
